warning: source ./doc is not a readable file or directory... skipping.
Searching for include files...
Searching for example files...
Searching for images...
Searching for dot files...
Searching for msc files...
Searching for dia files...
Searching for files to exclude
Searching INPUT for files to process...
Searching for files in directory /drone/src/include
Searching for files in directory /drone/src/include/crow
Searching for files in directory /drone/src/include/crow/middlewares
Reading and parsing tag files
Parsing files
Preprocessing /drone/src/include/crow/app.h...
Parsing file /drone/src/include/crow/app.h...
Preprocessing /drone/src/include/crow/ci_map.h...
Parsing file /drone/src/include/crow/ci_map.h...
Preprocessing /drone/src/include/crow/common.h...
Parsing file /drone/src/include/crow/common.h...
Preprocessing /drone/src/include/crow/compression.h...
Parsing file /drone/src/include/crow/compression.h...
Preprocessing /drone/src/include/crow/http_connection.h...
Parsing file /drone/src/include/crow/http_connection.h...
Preprocessing /drone/src/include/crow/http_request.h...
Parsing file /drone/src/include/crow/http_request.h...
Preprocessing /drone/src/include/crow/http_response.h...
Parsing file /drone/src/include/crow/http_response.h...
Preprocessing /drone/src/include/crow/http_server.h...
Parsing file /drone/src/include/crow/http_server.h...
Preprocessing /drone/src/include/crow/json.h...
Parsing file /drone/src/include/crow/json.h...
Preprocessing /drone/src/include/crow/logging.h...
Parsing file /drone/src/include/crow/logging.h...
Preprocessing /drone/src/include/crow/middleware.h...
Parsing file /drone/src/include/crow/middleware.h...
Preprocessing /drone/src/include/crow/middleware_context.h...
Parsing file /drone/src/include/crow/middleware_context.h...
Preprocessing /drone/src/include/crow/middlewares/cookie_parser.h...
Parsing file /drone/src/include/crow/middlewares/cookie_parser.h...
Preprocessing /drone/src/include/crow/middlewares/utf-8.h...
Parsing file /drone/src/include/crow/middlewares/utf-8.h...
Preprocessing /drone/src/include/crow/mime_types.h...
Parsing file /drone/src/include/crow/mime_types.h...
Preprocessing /drone/src/include/crow/multipart.h...
Parsing file /drone/src/include/crow/multipart.h...
Preprocessing /drone/src/include/crow/mustache.h...
Parsing file /drone/src/include/crow/mustache.h...
Preprocessing /drone/src/include/crow/parser.h...
Parsing file /drone/src/include/crow/parser.h...
Preprocessing /drone/src/include/crow/query_string.h...
Parsing file /drone/src/include/crow/query_string.h...
Preprocessing /drone/src/include/crow/returnable.h...
Parsing file /drone/src/include/crow/returnable.h...
Preprocessing /drone/src/include/crow/routing.h...
Parsing file /drone/src/include/crow/routing.h...
Preprocessing /drone/src/include/crow/settings.h...
Parsing file /drone/src/include/crow/settings.h...
Preprocessing /drone/src/include/crow/socket_adaptors.h...
Parsing file /drone/src/include/crow/socket_adaptors.h...
Preprocessing /drone/src/include/crow/task_timer.h...
Parsing file /drone/src/include/crow/task_timer.h...
Preprocessing /drone/src/include/crow/utility.h...
Parsing file /drone/src/include/crow/utility.h...
Preprocessing /drone/src/include/crow/version.h...
Parsing file /drone/src/include/crow/version.h...
Preprocessing /drone/src/include/crow/websocket.h...
Parsing file /drone/src/include/crow/websocket.h...
Preprocessing /drone/src/include/crow.h...
Parsing file /drone/src/include/crow.h...
Building group list...
Building directory list...
Building namespace list...
Building file list...
Building class list...
Computing nesting relations for classes...
Associating documentation with classes...
Building example list...
Searching for enumerations...
Searching for documented typedefs...
Searching for members imported via using declarations...
Searching for included using directives...
Searching for documented variables...
Building interface member list...
Building member list...
Searching for friends...
Searching for documented defines...
Computing class inheritance relations...
Computing class usage relations...
Flushing cached te/drone/src/include/crow/utility.h:512: warning: Compound crow::utility::function_traits< R(ClassType::*)(Args...)> is not documented.
/drone/src/include/crow/utility.h:485: warning: Compound crow::utility::function_traits is not documented.
/drone/src/include/crow/utility.h:470: warning: Compound crow::detail::get_index_of_element_from_tuple_by_type_impl< T, N, U, Args... > is not documented.
/drone/src/include/crow/utility.h:458: warning: Compound crow::detail::get_index_of_element_from_tuple_by_type_impl is not documented.
/drone/src/include/crow/utility.h:400: warning: Compound crow::black_magic::pop_back<> is not documented.
/drone/src/include/crow/utility.h:424: warning: Compound crow::black_magic::promote is not documented.
/drone/src/include/crow/utility.h:393: warning: Compound crow::black_magic::pop_back is not documented.
/drone/src/include/crow/utility.h:351: warning: Compound crow::black_magic::seq is not documented.
/drone/src/include/crow/utility.h:335: warning: Compound crow::black_magic::last_element_type is not documented.
/drone/src/include/crow/utility.h:329: warning: Compound crow::black_magic::arguments< 0 > is not documented.
/drone/src/include/crow/utility.h:314: warning: Compound crow::black_magic::single_tag_to_type< 5 > is not documented.
/drone/src/include/crow/utility.h:308: warning: Compound crow::black_magic::single_tag_to_type< 4 > is not documented.
/drone/src/include/crow/utility.h:302: warning: Compound crow::black_magic::single_tag_to_type< 3 > is not documented.
/drone/src/include/crow/utility.h:296: warning: Compound crow::black_magic::single_tag_to_type< 2 > is not documented.
/drone/src/include/crow/utility.h:290: warning: Compound crow::black_magic::single_tag_to_type< 1 > is not documented.
/drone/src/include/crow/utility.h:268: warning: Compound crow::black_magic::is_callable is not documented.
/drone/src/include/crow/utility.h:239: warning: Compound crow::black_magic::CallHelper< F, S< Args... > > is not documented.
/drone/src/include/crow/utility.h:227: warning: Compound crow::black_magic::S is not documented.
/drone/src/include/crow/utility.h:159: warning: Compound crow::black_magic::compute_parameter_tag_from_args_list<> is not documented.
/drone/src/include/crow/utility.h:132: warning: Compound crow::black_magic::parameter_tag is not documented.
/drone/src/include/crow/routing.h:631: warning: Compound crow::Trie::Node is not documented.
/drone/src/include/crow/routing.h:248: warning: Compound crow::detail::routing_handler_call_helper::Wrapped::handler_type_helper< const request &, response &, Args... > is not documented.
/drone/src/include/crow/routing.h:241: warning: Compound crow::detail::routing_handler_call_helper::Wrapped::handler_type_helper< const request &, Args... > is not documented.
/drone/src/include/crow/routing.h:234: warning: Compound crow::detail::routing_handler_call_helper::Wrapped::handler_type_helper is not documented.
/drone/src/include/crow/routing.h:193: warning: Compound crow::detail::routing_handler_call_helper::Wrapped::req_handler_wrapper is not documented.
/drone/src/include/crow/routing.h:175: warning: Compound crow::detail::routing_handler_call_helper::Wrapped is not documented.
/drone/src/include/crow/utility.h:523: warning: Compound crow::utility::function_traits< std::function< R(Args...)> > is not documented.
/drone/src/include/crow/routing.h:163: warning: Compound crow::detail::routing_handler_call_helper::call< F, NInt, NUint, NDouble, NString, black_magic::S<>, black_magic::S< Args1... > > is not documented.
/drone/src/include/crow/routing.h:153: warning: Compound crow::detail::routing_handler_call_helper::call< F, NInt, NUint, NDouble, NString, black_magic::S< std::string, Args1... >, black_magic::S< Args2... > > is not documented.
/drone/src/include/crow/routing.h:143: warning: Compound crow::detail::routing_handler_call_helper::call< F, NInt, NUint, NDouble, NString, black_magic::S< double, Args1... >, black_magic::S< Args2... > > is not documented.
/drone/src/include/crow/routing.h:133: warning: Compound crow::detail::routing_handler_call_helper::call< F, NInt, NUint, NDouble, NString, black_magic::S< uint64_t, Args1... >, black_magic::S< Args2... > > is not documented.
/drone/src/include/crow/middleware.h:262: warning: Compound crow::detail::handler_middleware_wrapper::middleware_call_criteria is not documented.
/drone/src/include/crow/http_response.h:25: warning: Compound crow::detail::handler_middleware_wrapper is not documented.
/drone/src/include/crow/routing.h:273: warning: Compound crow::CatchallRule is not documented.
/drone/src/include/crow/utility.h:165: warning: Compound crow::black_magic::compute_parameter_tag_from_args_list< Arg, Args... > is not documented.
/drone/src/include/crow/mustache.h:44: warning: Compound crow::mustache::Action is not documented.
/drone/src/include/crow/middlewares/utf-8.h:9: warning: Compound crow::UTF8 is not documented.
/drone/src/include/crow/middleware_context.h:31: warning: Compound crow::detail::partial_context<> is not documented.
/drone/src/include/crow/utility.h:464: warning: Compound crow::detail::get_index_of_element_from_tuple_by_type_impl< T, N, T, Args... > is not documented.
/drone/src/include/crow/http_server.h:27: warning: Compound crow::Server is not documented.
/drone/src/include/crow/utility.h:321: warning: Compound crow::black_magic::arguments is not documented.
/drone/src/include/crow/middleware_context.h:15: warning: Compound crow::detail::partial_context is not documented.
/drone/src/include/crow/mustache.h:20: warning: Compound crow::mustache::invalid_template_exception is not documented.
/drone/src/include/crow/logging.h:86: warning: Compound crow::logger is not documented.
/drone/src/include/crow/utility.h:386: warning: Compound crow::black_magic::pop_back_helper< seq< N... >, Tuple > is not documented.
/drone/src/include/crow/routing.h:110: warning: Compound crow::detail::routing_handler_call_helper::call_params is not documented.
/drone/src/include/crow/middleware_context.h:40: warning: Compound crow::detail::context is not documented.
/drone/src/include/crow/utility.h:501: warning: Compound crow::utility::function_traits< R(ClassType::*)(Args...) const > is not documented.
/drone/src/include/crow/middleware.h:301: warning: Compound crow::detail::handler_call_bridge is not documented.
/drone/src/include/crow/routing.h:123: warning: Compound crow::detail::routing_handler_call_helper::call< F, NInt, NUint, NDouble, NString, black_magic::S< int64_t, Args1... >, black_magic::S< Args2... > > is not documented.
/drone/src/include/crow/middleware.h:81: warning: Compound crow::detail::is_after_handle_arity_3_impl is not documented.
/drone/src/include/crow/common.h:225: warning: Compound crow::routing_params is not documented.
/drone/src/include/crow/logging.h:34: warning: Compound crow::ILogHandler is not documented.
/drone/src/include/crow/middlewares/cookie_parser.h:34: warning: Compound crow::CookieParser::context is not documented.
/drone/src/include/crow/logging.h:40: warning: Compound crow::CerrLogHandler is not documented.
/drone/src/include/crow/middleware.h:65: warning: Compound crow::detail::is_before_handle_arity_3_impl is not documented.
/drone/src/include/crow/middleware.h:193: warning: Compound crow::detail::middleware_call_criteria_only_global is not documented.
/drone/src/include/crow/middlewares/cookie_parser.h:32: warning: Compound crow::CookieParser is not documented.
/drone/src/include/crow/routing.h:103: warning: Compound crow::detail::routing_handler_call_helper::call_pair is not documented.
/drone/src/include/crow/json.h:1429: warning: unable to resolve reference to 'reset()' for \ref command
/drone/src/include/crow/routing.h:33: warning: Member BaseRule(std::string rule) (function) of class crow::BaseRule is not documented.
/drone/src/include/crow/routing.h:40: warning: Member validate()=0 (function) of class crow::BaseRule is not documented.
/drone/src/include/crow/routing.h:41: warning: Member upgrade() (function) of class crow::BaseRule is not documented.
/drone/src/include/crow/routing.h:48: warning: Member handle(request &, response &, const routing_params &)=0 (function) of class crow::BaseRule is not documented.
/drone/src/include/crow/routing.h:49: warning: Member handle_upgrade(const request &, response &res, SocketAdaptor &&) (function) of class crow::BaseRule is not documented.
/drone/src/include/crow/routing.h:62: warning: Member get_methods() (function) of class crow::BaseRule is not documented.
/drone/src/include/crow/routing.h:68: warning: Member foreach_method(F f) (function) of class crow::BaseRule is not documented.
/drone/src/include/crow/routing.h:80: warning: Member rule() (function) of class crow::BaseRule is not documented.
/drone/src/include/crow/routing.h:78: warning: Member custom_templates_base (variable) of class crow::BaseRule is not documented.
/drone/src/include/crow/routing.h:83: warning: Member methods_ (variable) of class crow::BaseRule is not documented.
/drone/src/include/crow/routing.h:85: warning: Member rule_ (variable) of class crow::BaseRule is not documented.
/drone/src/include/crow/routing.h:86: warning: Member name_ (variable) of class crow::BaseRule is not documented.
/drone/src/include/crow/routing.h:88: warning: Member rule_to_upgrade_ (variable) of class crow::BaseRule is not documented.
/drone/src/include/crow/routing.h:1031: warning: Member Blueprint(const std::string &prefix) (function) of class crow::Blueprint is not documented.
/drone/src/include/crow/routing.h:1034: warning: Member Blueprint(const std::string &prefix, const std::string &static_dir) (function) of class crow::Blueprint is not documented.
/drone/src/include/crow/routing.h:1037: warning: Member Blueprint(const std::string &prefix, const std::string &static_dir, const std::string &templates_dir) (function) of class crow::Blueprint is not documented.
/drone/src/include/crow/routing.h:1053: warning: Member Blueprint(Blueprint &&value) (function) of class crow::Blueprint is not documented.
/drone/src/include/crow/routing.h:1060: warning: Member operator=(Blueprint &&value) noexcept (function) of class crow::Blueprint is not documented.
/drone/src/include/crow/routing.h:1068: warning: Member operator==(const Blueprint &value) (function) of class crow::Blueprint is not documented.
/drone/src/include/crow/routing.h:1073: warning: Member operator!=(const Blueprint &value) (function) of class crow::Blueprint is not documented.
/drone/src/include/crow/routing.h:1078: warning: Member prefix() const (function) of class crow::Blueprint is not documented.
/drone/src/include/crow/routing.h:1083: warning: Member static_dir() const (function) of class crow::Blueprint is not documented.
/drone/src/include/crow/routing.h:1088: warning: Member new_rule_dynamic(std::string &&rule) (function) of class crow::Blueprint is not documented.
/drone/src/include/crow/routing.h:1100: warning: Member new_rule_tagged(std::string &&rule) (function) of class crow::Blueprint is not documented.
/drone/src/include/crow/routing.h:1113: warning: Member register_blueprint(Blueprint &blueprint) (function) of class crow::Blueprint is not documented.
/drone/src/include/crow/routing.h:1125: warning: Member catchall_rule() (function) of class crow::Blueprint is not documented.
/drone/src/include/crow/routing.h:279: warning: Member operator()(Func &&f) (function) of class crow::CatchallRule is not documented.
/drone/src/include/crow/routing.h:301: warning: Member operator()(Func &&f) (function) of class crow::CatchallRule is not documented.
/drone/src/include/crow/routing.h:324: warning: Member operator()(Func &&f) (function) of class crow::CatchallRule is not documented.
/drone/src/include/crow/routing.h:345: warning: Member operator()(Func &&f) (function) of class crow::CatchallRule is not documented.
/drone/src/include/crow/routing.h:353: warning: Member has_handler() (function) of class crow::CatchallRule is not documented.
/drone/src/include/crow/logging.h:42: warning: Member log(std::string message, LogLevel level) override (function) of class crow::CerrLogHandler is not documented.
/drone/src/include/crow/ci_map.h:12: warning: Member operator()(const std::string &key) const (function) of class crow::ci_hash is not documented.
/drone/src/include/crow/ci_map.h:29: warning: Member operator()(const std::string &l, const std::string &r) const (function) of class crow::ci_key_eq is not documented.
/drone/src/include/crow/http_connection.h:39: warning: Member Connection(boost::asio::io_service &io_service, Handler *handler, const std::string &server_name, std::tuple< Middlewares... > *middlewares, std::function< std::string()> &get_cached_date_str_f, detail::task_timer &task_timer, typename Adaptor::context *adaptor_ctx_, std::atomic< unsigned int > &queue_length) (function) of class crow::Connection is not documented.
/drone/src/include/crow/http_connection.h:80: warning: Member start() (function) of class crow::Connection is not documented.
/drone/src/include/crow/http_connection.h:97: warning: Member handle_header() (function) of class crow::Connection is not documented.
/drone/src/include/crow/http_connection.h:109: warning: Member handle() (function) of class crow::Connection is not documented.
/drone/src/include/crow/middlewares/cookie_parser.h:52: warning: Member before_handle(request &req, response &res, context &ctx) (function) of class crow::CookieParser is not documented.
/drone/src/include/crow/middlewares/cookie_parser.h:98: warning: Member after_handle(request &, response &res, context &ctx) (function) of class crow::CookieParser is not documented.
/drone/src/include/crow/middlewares/cookie_parser.h:38: warning: Member get_cookie(const std::string &key) const (function) of class crow::CookieParser::context is not documented.
/drone/src/include/crow/middlewares/cookie_parser.h:46: warning: Member set_cookie(const std::string &key, const std::string &value) (function) of class crow::CookieParser::context is not documented.
/drone/src/include/crow/middlewares/cookie_parser.h:35: warning: Member jar (variable) of class crow::CookieParser::context is not documented.
/drone/src/include/crow/middlewares/cookie_parser.h:36: warning: Member cookies_to_add (variable) of class crow::CookieParser::context is not documented.
/drone/src/include/crow/app.h:397: warning: Member context_t (typedef) of class crow::Crow is not documented.
/drone/src/include/crow/app.h:398: warning: Member mw_container_t (typedef) of class crow::Crow is not documented.
/drone/src/include/crow/app.h:105: warning: Member signal_clear() (function) of class crow::Crow is not documented.
/drone/src/include/crow/app.h:111: warning: Member signal_add(int signal_number) (function) of class crow::Crow is not documented.
/drone/src/include/crow/app.h:124: warning: Member port() (function) of class crow::Crow is not documented.
/drone/src/include/crow/app.h:190: warning: Member stream_threshold() (function) of class crow::Crow is not documented.
/drone/src/include/crow/app.h:195: warning: Member register_blueprint(Blueprint &blueprint) (function) of class crow::Crow is not documented.
/drone/src/include/crow/app.h:322: warning: Member debug_print() (function) of class crow::Crow is not documented.
/drone/src/include/crow/app.h:369: warning: Member ssl_file(T &&, Remain &&...) (function) of class crow::Crow is not documented.
/drone/src/include/crow/app.h:380: warning: Member ssl(T &&) (function) of class crow::Crow is not documented.
/drone/src/include/crow/app.h:390: warning: Member ssl_used() const (function) of class crow::Crow is not documented.
/drone/src/include/crow/app.h:400: warning: Member get_context(const request &req) (function) of class crow::Crow is not documented.
/drone/src/include/crow/app.h:408: warning: Member get_middleware() (function) of class crow::Crow is not documented.
/drone/src/include/crow/routing.h:482: warning: Member DynamicRule(std::string rule) (function) of class crow::DynamicRule is not documented.
/drone/src/include/crow/routing.h:486: warning: Member validate() override (function) of class crow::DynamicRule is not documented.
/drone/src/include/crow/routing.h:494: warning: Member handle(request &req, response &res, const routing_params &params) override (function) of class crow::DynamicRule is not documented.
/drone/src/include/crow/routing.h:504: warning: Member operator()(Func f) (function) of class crow::DynamicRule is not documented.
/drone/src/include/crow/routing.h:523: warning: Member wrap(Func f, black_magic::seq< Indices... >) (function) of class crow::DynamicRule is not documented.
/drone/src/include/crow/routing.h:544: warning: Member operator()(std::string name, Func &&f) (function) of class crow::DynamicRule is not documented.
/drone/src/include/crow/routing.h:33: warning: Member BaseRule(std::string rule) (function) of class crow::BaseRule is not documented.
/drone/src/include/crow/routing.h:41: warning: Member upgrade() (function) of class crow::BaseRule is not documented.
/drone/src/include/crow/routing.h:49: warning: Member handle_upgrade(const request &, response &res, SocketAdaptor &&) (function) of class crow::BaseRule is not documented.
/drone/src/include/crow/routing.h:62: warning: Member get_methods() (function) of class crow::BaseRule is not documented.
/drone/src/include/crow/routing.h:68: warning: Member foreach_method(F f) (function) of class crow::BaseRule is not documented.
/drone/src/include/crow/routing.h:80: warning: Member rule() (function) of class crow::BaseRule is not documented.
/drone/src/include/crow/routing.h:450: warning: Member websocket() (function) of class RuleParameterTraits< DynamicRule > is not documented.
/drone/src/include/crow/routing.h:457: warning: Member name(std::string name) noexcept (function) of class RuleParameterTraits< DynamicRule > is not documented.
/drone/src/include/crow/routing.h:463: warning: Member methods(HTTPMethod method) (function) of class RuleParameterTraits< DynamicRule > is not documented.
/drone/src/include/crow/routing.h:470: warning: Member methods(HTTPMethod method, MethodArgs... args_method) (function) of class RuleParameterTraits< DynamicRule > is not documented.
/drone/src/include/crow/routing.h:449: warning: Member self_t (typedef) of class RuleParameterTraits< DynamicRule > is not documented.
/drone/src/include/crow/routing.h:78: warning: Member custom_templates_base (variable) of class crow::BaseRule is not documented.
/drone/src/include/crow/routing.h:83: warning: Member methods_ (variable) of class crow::BaseRule is not documented.
/drone/src/include/crow/routing.h:85: warning: Member rule_ (variable) of class crow::BaseRule is not documented.
/drone/src/include/crow/routing.h:86: warning: Member name_ (variable) of class crow::BaseRule is not documented.
/drone/src/include/crow/routing.h:88: warning: Member rule_to_upgrade_ (variable) of class crow::BaseRule is not documented.
/drone/src/include/crow/parser.h:96: warning: Member HTTPParser(Handler *handler) (function) of class crow::HTTPParser is not documented.
/drone/src/include/crow/parser.h:124: warning: Member done() (function) of class crow::HTTPParser is not documented.
/drone/src/include/crow/parser.h:129: warning: Member clear() (function) of class crow::HTTPParser is not documented.
/drone/src/include/crow/parser.h:141: warning: Member process_header() (function) of class crow::HTTPParser is not documented.
/drone/src/include/crow/parser.h:146: warning: Member process_message() (function) of class crow::HTTPParser is not documented.
/drone/src/include/crow/parser.h:151: warning: Member set_connection_parameters() (function) of class crow::HTTPParser is not documented.
/drone/src/include/crow/parser.h:20: warning: Member on_message_begin(http_parser *self_) (function) of class crow::HTTPParser is not documented.
/drone/src/include/crow/parser.h:26: warning: Member on_url(http_parser *self_, const char *at, size_t length) (function) of class crow::HTTPParser is not documented.
/drone/src/include/crow/parser.h:32: warning: Member on_header_field(http_parser *self_, const char *at, size_t length) (function) of class crow::HTTPParser is not documented.
/drone/src/include/crow/parser.h:51: warning: Member on_header_value(http_parser *self_, const char *at, size_t length) (function) of class crow::HTTPParser is not documented.
/drone/src/include/crow/parser.h:66: warning: Member on_headers_complete(http_parser *self_) (function) of class crow::HTTPParser is not documented.
/drone/src/include/crow/parser.h:79: warning: Member on_body(http_parser *self_, const char *at, size_t length) (function) of class crow::HTTPParser is not documented.
/drone/src/include/crow/parser.h:85: warning: Member on_message_complete(http_parser *self_) (function) of class crow::HTTPParser is not documented.
/drone/src/include/crow/parser.h:172: warning: Member raw_url (variable) of class crow::HTTPParser is not documented.
/drone/src/include/crow/parser.h:173: warning: Member url (variable) of class crow::HTTPParser is not documented.
/drone/src/include/crow/parser.h:175: warning: Member header_building_state (variable) of class crow::HTTPParser is not documented.
/drone/src/include/crow/parser.h:176: warning: Member header_field (variable) of class crow::HTTPParser is not documented.
/drone/src/include/crow/parser.h:177: warning: Member header_value (variable) of class crow::HTTPParser is not documented.
/drone/src/include/crow/parser.h:178: warning: Member headers (variable) of class crow::HTTPParser is not documented.
/drone/src/include/crow/parser.h:180: warning: Member body (variable) of class crow::HTTPParser is not documented.
/drone/src/include/crow/middleware.h:18: warning: Member call_global (typedef) of class crow::ILocalMiddleware is not documented.
/drone/src/include/crow/logging.h:36: warning: Member log(std::string message, LogLevel level)=0 (function) of class crow::ILogHandler is not documented.
/drone/src/include/crow/logging.h:88: warning: Member logger(LogLevel level) (function) of class crow::logger is not documented.
/drone/src/include/crow/logging.h:103: warning: Member operator<<(T const &value) (function) of class crow::logger is not documented.
/drone/src/include/crow/logging.h:115: warning: Member setLogLevel(LogLevel level) (function) of class crow::logger is not documented.
/drone/src/include/crow/logging.h:117: warning: Member setHandler(ILogHandler *handler) (function) of class crow::logger is not documented.
/drone/src/include/crow/logging.h:119: warning: Member get_current_log_level() (function) of class crow::logger is not documented.
/drone/src/include/crow/query_string.h:301: warning: Member query_string(const query_string &qs) (function) of class crow::query_string is not documented.
/drone/src/include/crow/query_string.h:310: warning: Member operator=(const query_string &qs) (function) of class crow::query_string is not documented.
/drone/src/include/crow/query_string.h:321: warning: Member operator=(query_string &&qs) (function) of class crow::query_string is not documented.
/drone/src/include/crow/query_string.h:334: warning: Member query_string(std::string url) (function) of class crow::query_string is not documented.
/drone/src/include/crow/query_string.h:346: warning: Member clear() (function) of class crow::query_string is not documented.
/drone/src/include/crow/query_string.h:472: warning: Member keys() const (function) of class crow::query_string is not documented.
/drone/src/include/crow/query_string.h:294: warning: Member MAX_KEY_VALUE_PAIRS_COUNT (variable) of class crow::query_string is not documented.
/drone/src/include/crow/query_string.h:352: warning: Member operator<<(std::ostream &os, const query_string &qs) (friend) of class crow::query_string is not documented.
/drone/src/include/crow/http_request.h:50: warning: Member add_header(std::string key, std::string value) (function) of class crow::request is not documented.
/drone/src/include/crow/http_request.h:55: warning: Member get_header_value(const std::string &key) const (function) of class crow::request is not documented.
/drone/src/include/crow/http_request.h:60: warning: Member check_version(unsigned char major, unsigned char minor) const (function) of class crow::request is not documented.
/drone/src/include/crow/http_request.h:26: warning: Member method (variable) of class crow::request is not documented.
/drone/src/include/crow/http_request.h:30: warning: Member headers (variable) of class crow::request is not documented.
/drone/src/include/crow/http_request.h:31: warning: Member body (variable) of class crow::request is not documented.
/drone/src/include/crow/http_request.h:33: warning: Member http_ver_major (variable) of class crow::request is not documented.
/drone/src/include/crow/http_request.h:33: warning: Member http_ver_minor (variable) of class crow::request is not documented.
/drone/src/include/crow/http_request.h:34: warning: Member keep_alive (variable) of class crow::request is not documented.
/drone/src/include/crow/http_request.h:34: warning: Member close_connection (variable) of class crow::request is not documented.
/drone/src/include/crow/http_request.h:34: warning: Member upgrade (variable) of class crow::request is not documented.
/drone/src/include/crow/http_request.h:36: warning: Member middleware_context (variable) of class crow::request is not documented.
/drone/src/include/crow/http_request.h:37: warning: Member middleware_container (variable) of class crow::request is not documented.
/drone/src/include/crow/http_request.h:38: warning: Member io_service (variable) of class crow::request is not documented.
/drone/src/include/crow/http_response.h:60: warning: Member get_header_value(const std::string &key) (function) of class crow::response is not documented.
/drone/src/include/crow/http_response.h:67: warning: Member response(int code) (function) of class crow::response is not documented.
/drone/src/include/crow/http_response.h:68: warning: Member response(std::string body) (function) of class crow::response is not documented.
/drone/src/include/crow/http_response.h:69: warning: Member response(int code, std::string body) (function) of class crow::response is not documented.
/drone/src/include/crow/http_response.h:71: warning: Member response(returnable &&value) (function) of class crow::response is not documented.
/drone/src/include/crow/http_response.h:76: warning: Member response(returnable &value) (function) of class crow::response is not documented.
/drone/src/include/crow/http_response.h:81: warning: Member response(int code, returnable &value) (function) of class crow::response is not documented.
/drone/src/include/crow/http_response.h:88: warning: Member response(response &&r) (function) of class crow::response is not documented.
/drone/src/include/crow/http_response.h:93: warning: Member response(std::string contentType, std::string body) (function) of class crow::response is not documented.
/drone/src/include/crow/http_response.h:99: warning: Member response(int code, std::string contentType, std::string body) (function) of class crow::response is not documented.
/drone/src/include/crow/http_response.h:107: warning: Member operator=(response &&r) noexcept (function) of class crow::response is not documented.
/drone/src/include/crow/http_response.h:123: warning: Member clear() (function) of class crow::response is not documented.
/drone/src/include/crow/http_response.h:172: warning: Member write(const std::string &body_part) (function) of class crow::response is not documented.
/drone/src/include/crow/http_response.h:221: warning: Member path (variable) of class crow::response::static_file_info is not documented.
/drone/src/include/crow/http_response.h:221: warning: Member statbuf (variable) of class crow::response::static_file_info is not documented.
/drone/src/include/crow/http_response.h:223: warning: Member statResult (variable) of class crow::response::static_file_info is not documented.
mplate relations that have become invalid...
Computing class relations...
Add enum values to enums...
Searching for member function documentation...
Creating members for template instances...
Building page list...
Search for main page...
Computing page relations...
Determining the scope of groups...
Sorting lists...
Determining which enums are documented
Computing member relations...
Building full member lists recursively...
Adding members to member groups.
Computing member references...
Inheriting documentation...
Generating disk names...
Adding source references...
Adding xrefitems...
Sorting member lists...
Setting anonymous enum type...
Computing dependencies between directories...
Generating citations page...
Counting members...
Counting data structures...
Resolving user defined references...
Finding anchors and sections in the documentation...
Transferring function references...
Combining using relations...
Adding members to index pages...
Correcting members for VHDL...
Generating style sheet...
Generating search indices...
Generating example documentation...
Generating file sources...
Generating code for file /drone/src/include/crow.h...
Generating code for file /drone/src/include/crow/app.h...
Generating code for file /drone/src/include/crow/ci_map.h...
Generating code for file /drone/src/include/crow/common.h...
Generating code for file /drone/src/include/crow/compression.h...
Generating code for file /drone/src/include/crow/http_connection.h...
Generating code for file /drone/src/include/crow/http_request.h...
Generating code for file /drone/src/include/crow/http_response.h...
Generating code for file /drone/src/include/crow/http_server.h...
Generating code for file /drone/src/include/crow/json.h...
Generating code for file /drone/src/include/crow/logging.h...
Generating code for file /drone/src/include/crow/middleware.h...
Generating code for file /drone/src/include/crow/middleware_context.h...
Generating code for file /drone/src/include/crow/middlewares/cookie_parser.h...
Generating code for file /drone/src/include/crow/middlewares/utf-8.h...
Generating code for file /drone/src/include/crow/mime_types.h...
Generating code for file /drone/src/include/crow/multipart.h...
Generating code for file /drone/src/include/crow/mustache.h...
Generating code for file /drone/src/include/crow/parser.h...
Generating code for file /drone/src/include/crow/query_string.h...
Generating code for file /drone/src/include/crow/returnable.h...
Generating code for file /drone/src/include/crow/routing.h...
Generating code for file /drone/src/include/crow/settings.h...
Generating code for file /drone/src/include/crow/socket_adaptors.h...
Generating code for file /drone/src/include/crow/task_timer.h...
Generating code for file /drone/src/include/crow/utility.h...
Generating code for file /drone/src/include/crow/version.h...
Generating code for file /drone/src/include/crow/websocket.h...
Generating file documentation...
Generating page documentation...
Generating group documentation...
Generating class documentation...
Generating namespace index...
Generating docs for compound crow::BaseRule...
Generating docs for compound crow::Blueprint...
Generating docs for compound crow::CatchallRule...
Generating docs for compound crow::CerrLogHandler...
Generating docs for compound crow::ci_hash...
Generating docs for compound crow::ci_key_eq...
Generating docs for compound crow::Connection...
Generating docs for compound crow::CookieParser...
Generating docs for nested compound crow::CookieParser::context...
Generating docs for compound crow::Crow...
Generating docs for compound crow::DynamicRule...
Generating docs for compound crow::HTTPParser...
Generating docs for compound crow::ILocalMiddleware...
Generating docs for compound crow::ILogHandler...
Generating docs for compound crow::logger...
Generating docs for compound crow::query_string...
Generating docs for compound crow::request...
Generating docs for compound crow::response...
Generating docs for nested compound crow::response::static_file_info...
Generating docs for compound crow::retur/drone/src/include/crow/returnable.h:11: warning: Member dump() const =0 (function) of class crow::returnable is not documented.
/drone/src/include/crow/returnable.h:13: warning: Member returnable(std::string ctype) (function) of class crow::returnable is not documented.
/drone/src/include/crow/returnable.h:10: warning: Member content_type (variable) of class crow::returnable is not documented.
/drone/src/include/crow/routing.h:1166: warning: Member new_rule_dynamic(const std::string &rule) (function) of class crow::Router is not documented.
/drone/src/include/crow/routing.h:1175: warning: Member new_rule_tagged(const std::string &rule) (function) of class crow::Router is not documented.
/drone/src/include/crow/routing.h:1185: warning: Member catchall_rule() (function) of class crow::Router is not documented.
/drone/src/include/crow/routing.h:1190: warning: Member internal_add_rule_object(const std::string &rule, BaseRule *ruleObject, const uint16_t &BP_index, std::vector< Blueprint * > &blueprints) (function) of class crow::Router is not documented.
/drone/src/include/crow/routing.h:1214: warning: Member register_blueprint(Blueprint &blueprint) (function) of class crow::Router is not documented.
/drone/src/include/crow/routing.h:1224: warning: Member get_recursive_child_methods(Blueprint *blueprint, std::vector< HTTPMethod > &methods) (function) of class crow::Router is not documented.
/drone/src/include/crow/routing.h:1246: warning: Member validate_bp(std::vector< Blueprint * > blueprints) (function) of class crow::Router is not documented.
/drone/src/include/crow/routing.h:1276: warning: Member validate() (function) of class crow::Router is not documented.
/drone/src/include/crow/routing.h:1300: warning: Member handle_upgrade(const request &req, response &res, Adaptor &&adaptor) (function) of class crow::Router is not documented.
/drone/src/include/crow/routing.h:1372: warning: Member get_found_bp(std::vector< uint16_t > &bp_i, std::vector< Blueprint * > &blueprints, std::vector< Blueprint * > &found_bps, uint16_t index=0) (function) of class crow::Router is not documented.
/drone/src/include/crow/routing.h:1444: warning: Member handle(request &req, response &res) (function) of class crow::Router is not documented.
/drone/src/include/crow/routing.h:1574: warning: Member debug_print() (function) of class crow::Router is not documented.
/drone/src/include/crow/routing.h:1583: warning: Member blueprints() (function) of class crow::Router is not documented.
/drone/src/include/crow/common.h:231: warning: Member debug_print() const (function) of class crow::routing_params is not documented.
/drone/src/include/crow/common.h:249: warning: Member get(unsigned) const (function) of class crow::routing_params is not documented.
/drone/src/include/crow/common.h:253: warning: Member get(unsigned index) const (function) of class crow::routing_params is not documented.
/drone/src/include/crow/common.h:259: warning: Member get(unsigned index) const (function) of class crow::routing_params is not documented.
/drone/src/include/crow/common.h:265: warning: Member get(unsigned index) const (function) of class crow::routing_params is not documented.
/drone/src/include/crow/common.h:226: warning: Member int_params (variable) of class crow::routing_params is not documented.
/drone/src/include/crow/common.h:227: warning: Member uint_params (variable) of class crow::routing_params is not documented.
/drone/src/include/crow/common.h:228: warning: Member double_params (variable) of class crow::routing_params is not documented.
/drone/src/include/crow/common.h:229: warning: Member string_params (variable) of class crow::routing_params is not documented.
/drone/src/include/crow/routing.h:449: warning: Member self_t (typedef) of class crow::RuleParameterTraits is not documented.
/drone/src/include/crow/routing.h:450: warning: Member websocket() (function) of class crow::RuleParameterTraits is not documented.
/drone/src/include/crow/routing.h:457: warning: Member name(std::string name) noexcept (function) of class crow::RuleParameterTraits is not documented.
/drone/src/include/crow/routing.h:463: warning: Member methods(HTTPMethod method) (function) of class crow::RuleParameterTraits is not documented.
/drone/src/include/crow/routing.h:470: warning: Member methods(HTTPMethod method, MethodArgs... args_method) (function) of class crow::RuleParameterTraits is not documented.
/drone/src/include/crow/http_server.h:29: warning: Member Server(Handler *handler, std::string bindaddr, uint16_t port, std::string server_name=std::string("Crow/")+VERSION, std::tuple< Middlewares... > *middlewares=nullptr, uint16_t concurrency=1, uint8_t timeout=5, typename Adaptor::context *adaptor_ctx=nullptr) (function) of class crow::Server is not documented.
/drone/src/include/crow/http_server.h:44: warning: Member set_tick_function(std::chrono::milliseconds d, std::function< void()> f) (function) of class crow::Server is not documented.
/drone/src/include/crow/http_server.h:50: warning: Member on_tick() (function) of class crow::Server is not documented.
/drone/src/include/crow/http_server.h:61: warning: Member run() (function) of class crow::Server is not documented.
/drone/src/include/crow/http_server.h:162: warning: Member stop() (function) of class crow::Server is not documented.
/drone/src/include/crow/http_server.h:169: warning: Member signal_clear() (function) of class crow::Server is not documented.
/drone/src/include/crow/http_server.h:174: warning: Member signal_add(int signal_number) (function) of class crow::Server is not documented.
/drone/src/include/crow/socket_adaptors.h:20: warning: Member context (typedef) of class crow::SocketAdaptor is not documented.
/drone/src/include/crow/socket_adaptors.h:21: warning: Member SocketAdaptor(boost::asio::io_service &io_service, context *) (function) of class crow::SocketAdaptor is not documented.
/drone/src/include/crow/socket_adaptors.h:25: warning: Member get_io_service() (function) of class crow::SocketAdaptor is not documented.
/drone/src/include/crow/socket_adaptors.h:42: warning: Member remote_endpoint() (function) of class crow::SocketAdaptor is not documented.
/drone/src/include/crow/socket_adaptors.h:47: warning: Member is_open() (function) of class crow::SocketAdaptor is not documented.
/drone/src/include/crow/socket_adaptors.h:52: warning: Member close() (function) of class crow::SocketAdaptor is not documented.
/drone/src/include/crow/socket_adaptors.h:58: warning: Member shutdown_readwrite() (function) of class crow::SocketAdaptor is not documented.
/drone/src/include/crow/socket_adaptors.h:64: warning: Member shutdown_write() (function) of class crow::SocketAdaptor is not documented.
/drone/src/include/crow/socket_adaptors.h:70: warning: Member shutdown_read() (function) of class crow::SocketAdaptor is not documented.
/drone/src/include/crow/socket_adaptors.h:77: warning: Member start(F f) (function) of class crow::SocketAdaptor is not documented.
/drone/src/include/crow/socket_adaptors.h:82: warning: Member socket_ (variable) of class crow::SocketAdaptor is not documented.
/drone/src/include/crow/routing.h:559: warning: Member self_t (typedef) of class crow::TaggedRule is not documented.
/drone/src/include/crow/routing.h:449: warning: Member self_t (typedef) of class RuleParameterTraits< TaggedRule< Args... > > is not documented.
/drone/src/include/crow/routing.h:561: warning: Member TaggedRule(std::string rule) (function) of class crow::TaggedRule is not documented.
/drone/src/include/crow/routing.h:565: warning: Member validate() override (function) of class crow::TaggedRule is not documented.
/drone/src/include/crow/routing.h:574: warning: Member operator()(Func &&f) (function) of class crow::TaggedRule is not documented.
/drone/src/include/crow/routing.h:588: warning: Member operator()(std::string name, Func &&f) (function) of class crow::TaggedRule is not documented.
/drone/src/include/crow/routing.h:594: warning: Member handle(request &req, response &res, const routing_params &params) override (function) of class crow::TaggedRule is not documented.
/drone/src/include/crow/routing.h:33: warning: Member BaseRule(std::string rule) (function) of class crow::BaseRule is not documented.
/drone/src/include/crow/routing.h:41: warning: Member upgrade() (function) of class crow::BaseRule is not documented.
/drone/src/include/crow/routing.h:49: warning: Member handle_upgrade(const request &, response &res, SocketAdaptor &&) (function) of class crow::BaseRule is not documented.
/drone/src/include/crow/routing.h:62: warning: Member get_methods() (function) of class crow::BaseRule is not documented.
/drone/src/include/crow/routing.h:68: warning: Member foreach_method(F f) (function) of class crow::BaseRule is not documented.
/drone/src/include/crow/routing.h:80: warning: Member rule() (function) of class crow::BaseRule is not documented.
/drone/src/include/crow/routing.h:450: warning: Member websocket() (function) of class RuleParameterTraits< TaggedRule< Args... > > is not documented.
/drone/src/include/crow/routing.h:457: warning: Member name(std::string name) noexcept (function) of class RuleParameterTraits< TaggedRule< Args... > > is not documented.
/drone/src/include/crow/routing.h:463: warning: Member methods(HTTPMethod method) (function) of class RuleParameterTraits< TaggedRule< Args... > > is not documented.
/drone/src/include/crow/routing.h:470: warning: Member methods(HTTPMethod method, MethodArgs... args_method) (function) of class RuleParameterTraits< TaggedRule< Args... > > is not documented.
/drone/src/include/crow/routing.h:78: warning: Member custom_templates_base (variable) of class crow::BaseRule is not documented.
/drone/src/include/crow/routing.h:83: warning: Member methods_ (variable) of class crow::BaseRule is not documented.
/drone/src/include/crow/routing.h:85: warning: Member rule_ (variable) of class crow::BaseRule is not documented.
/drone/src/include/crow/routing.h:86: warning: Member name_ (variable) of class crow::BaseRule is not documented.
/drone/src/include/crow/routing.h:88: warning: Member rule_to_upgrade_ (variable) of class crow::BaseRule is not documented.
/drone/src/include/crow/routing.h:661: warning: Member optimize() (function) of class crow::Trie is not documented.
/drone/src/include/crow/routing.h:730: warning: Member debug_print() (function) of class crow::Trie is not documented.
/drone/src/include/crow/routing.h:737: warning: Member validate() (function) of class crow::Trie is not documented.
/drone/src/include/crow/routing.h:745: warning: Member find(const std::string &req_url, const Node *node=nullptr, unsigned pos=0, routing_params *params=nullptr, std::vector< uint16_t > *blueprints=nullptr) const (function) of class crow::Trie is not documented.
/drone/src/include/crow/routing.h:908: warning: Member add(const std::string &url, uint16_t rule_index, unsigned bp_prefix_length=0, uint16_t blueprint_index=INVALID_BP_ID) (function) of class crow::Trie is not documented.
/drone/src/include/crow/routing.h:993: warning: Member get_size() (function) of class crow::Trie is not documented.
/drone/src/include/crow/routing.h:998: warning: Member get_size(Node *node) (function) of class crow::Trie is not documented.
/drone/src/include/crow/routing.h:639: warning: Member IsSimpleNode() const (function) of class crow::Trie::Node is not documented.
/drone/src/include/crow/routing.h:632: warning: Member rule_index (variable) of class crow::Trie::Node is not documented.
/drone/src/include/crow/routing.h:634: warning: Member blueprint_index (variable) of class crow::Trie::Node is not documented.
/drone/src/include/crow/routing.h:635: warning: Member key (variable) of class crow::Trie::Node is not documented.
/drone/src/include/crow/routing.h:636: warning: Member param (variable) of class crow::Trie::Node is not documented.
/drone/src/include/crow/routing.h:637: warning: Member children (variable) of class crow::Trie::Node is not documented.
/drone/src/include/crow/middlewares/utf-8.h:13: warning: Member before_handle(request &, response &, context &) (function) of class crow::UTF8 is not documented.
/drone/src/include/crow/middlewares/utf-8.h:16: warning: Member after_handle(request &, response &res, context &) (function) of class crow::UTF8 is not documented.
/drone/src/include/crow/routing.h:375: warning: Member WebSocketRule(std::string rule) (function) of class crow::WebSocketRule is not documented.
/drone/src/include/crow/routing.h:379: warning: Member validate() override (function) of class crow::WebSocketRule is not documented.
/drone/src/include/crow/routing.h:382: warning: Member handle(request &, response &res, const routing_params &) override (function) of class crow::WebSocketRule is not documented.
/drone/src/include/crow/routing.h:388: warning: Member handle_upgrade(const request &req, response &, SocketAdaptor &&adaptor) override (function) of class crow::WebSocketRule is not documented.
/drone/src/include/crow/routing.h:400: warning: Member onopen(Func f) (function) of class crow::WebSocketRule is not documented.
/drone/src/include/crow/routing.h:407: warning: Member onmessage(Func f) (function) of class crow::WebSocketRule is not documented.
/drone/src/include/crow/routing.h:414: warning: Member onclose(Func f) (function) of class crow::WebSocketRule is not documented.
/drone/src/include/crow/routing.h:421: warning: Member onerror(Func f) (function) of class crow::WebSocketRule is not documented.
/drone/src/include/crow/routing.h:428: warning: Member onaccept(Func f) (function) of class crow::WebSocketRule is not documented.
/drone/src/include/crow/routing.h:33: warning: Member BaseRule(std::string rule) (function) of class crow::BaseRule is not documented.
/drone/src/include/crow/routing.h:41: warning: Member upgrade() (function) of class crow::BaseRule is not documented.
/drone/src/include/crow/routing.h:62: warning: Member get_methods() (function) of class crow::BaseRule is not documented.
/drone/src/include/crow/routing.h:68: warning: Member foreach_method(F f) (function) of class crow::BaseRule is not documented.
/drone/src/include/crow/routing.h:80: warning: Member rule() (function) of class crow::BaseRule is not documented.
/drone/src/include/crow/routing.h:435: warning: Member open_handler_ (variable) of class crow::WebSocketRule is not documented.
/drone/src/include/crow/routing.h:436: warning: Member message_handler_ (variable) of class crow::WebSocketRule is not documented.
/drone/src/include/crow/routing.h:437: warning: Member close_handler_ (variable) of class crow::WebSocketRule is not documented.
/drone/src/include/crow/routing.h:438: warning: Member error_handler_ (variable) of class crow::WebSocketRule is not documented.
/drone/src/include/crow/routing.h:439: warning: Member accept_handler_ (variable) of class crow::WebSocketRule is not documented.
/drone/src/include/crow/routing.h:83: warning: Member methods_ (variable) of class crow::BaseRule is not documented.
/drone/src/include/crow/routing.h:85: warning: Member rule_ (variable) of class crow::BaseRule is not documented.
/drone/src/include/crow/routing.h:86: warning: Member name_ (variable) of class crow::BaseRule is not documented.
/drone/src/include/crow/routing.h:88: warning: Member rule_to_upgrade_ (variable) of class crow::BaseRule is not documented.
/drone/src/include/crow/routing.h:78: warning: Member custom_templates_base (variable) of class crow::BaseRule is not documented.
/drone/src/include/crow/utility.h:322: warning: Member subarguments (typedef) of class crow::black_magic::arguments is not documented.
/drone/src/include/crow/utility.h:323: warning: Member type (typedef) of class crow::black_magic::arguments is not documented.
/drone/src/include/crow/utility.h:330: warning: Member type (typedef) of class crow::black_magic::arguments< 0 > is not documented.
/drone/src/include/crow/utility.h:241: warning: Member __test(int) (function) of class crow::black_magic::CallHelper< F, S< Args... > > is not documented.
/drone/src/include/crow/utility.h:244: warning: Member __test(...) (function) of class crow::black_magic::CallHelper< F, S< Args... > > is not documented.
/drone/src/include/crow/utility.h:246: warning: Member value (variable) of class crow::black_magic::CallHelper< F, S< Args... > > is not documented.
/drone/src/include/crow/utility.h:166: warning: Member sub_value (variable) of class crow::black_magic::compute_parameter_tag_from_args_list< Arg, Args... > is not documented.
/drone/src/include/crow/utility.h:168: warning: Member value (variable) of class crow::black_magic::compute_parameter_tag_from_args_list< Arg, Args... > is not documented.
/drone/src/include/crow/utility.h:160: warning: Member value (variable) of class crow::black_magic::compute_parameter_tag_from_args_list<> is not documented.
/drone/src/include/crow/utility.h:352: warning: Member type (typedef) of class seq< I1...,(sizeof...(I1)+I2)... > is not documented.
/drone/src/include/crow/utility.h:47: warning: Member const_str(const char(&arr)[N]) (function) of class crow::black_magic::const_str is not documented.
/drone/src/include/crow/utility.h:52: warning: Member operator[](unsigned i) const (function) of class crow::black_magic::const_str is not documented.
/drone/src/include/crow/utility.h:57: warning: Member operator const char *() const (function) of class crow::black_magic::const_str is not documented.
/drone/src/include/crow/utility.h:62: warning: Member begin() const (function) of class crow::black_magic::const_str is not documented.
/drone/src/include/crow/utility.h:63: warning: Member end() const (function) of class crow::black_magic::const_str is not documented.
/drone/src/include/crow/utility.h:65: warning: Member size() const (function) of class crow::black_magic::const_str is not documented.
/drone/src/include/crow/utility.h:352: warning: Member type (typedef) of class seq<> is not documented.
/drone/src/include/crow/utility.h:352: warning: Member type (typedef) of class seq< 0 > is not documented.
/drone/src/include/crow/utility.h:270: warning: Member __test(decltype(std::declval< F2 >()(std::declval< Args2 >()...)) *) (function) of class crow::black_magic::is_callable is not documented.
/drone/src/include/crow/utility.h:273: warning: Member __test(...) (function) of class crow::black_magic::is_callable is not documented.
/drone/src/include/crow/utility.h:275: warning: Member value (variable) of class crow::black_magic::is_callable is not documented.
/drone/src/include/crow/utility.h:336: warning: Member type (typedef) of class crow::black_magic::last_element_type is not documented.
/drone/src/include/crow/utility.h:31: warning: Member OutOfRange(unsigned, unsigned) (function) of class crow::black_magic::OutOfRange is not documented.
/drone/src/include/crow/utility.h:133: warning: Member value (variable) of class crow::black_magic::parameter_tag is not documented.
/drone/src/include/crow/utility.h:395: warning: Member rebind (typedef) of class crow::black_magic::pop_back is not documented.
/drone/src/include/crow/utility.h:402: warning: Member rebind (typedef) of class crow::black_magic::pop_back<> is not documented.
/drone/src/include/crow/utility.h:388: warning: Member rebind (typedef) of class crow::black_magic::pop_back_helper< seq< N... >, Tuple > is not documented.
/drone/src/include/crow/utility.h:425: warning: Member type (typedef) of class crow::black_magic::promote is not documented.
/drone/src/include/crow/utility.h:229: warning: Member push (typedef) of class crow::black_magic::S is not documented.
/drone/src/include/crow/utility.h:231: warning: Member push_back (typedef) of class crow::black_magic::S is not documented.
/drone/src/include/crow/utility.h:233: warning: Member rebind (typedef) of class crow::black_magic::S is not documented.
/drone/src/include/crow/utility.h:352: warning: Member type (typedef) of class crow::black_magic::seq is not documented.
/drone/src/include/crow/utility.h:291: warning: Member type (typedef) of class crow::black_magic::single_tag_to_type< 1 > is not documented.
/drone/src/include/crow/utility.h:297: warning: Member type (typedef) of class crow::black_magic::single_tag_to_type< 2 > is not documented.
/drone/src/include/crow/utility.h:303: warning: Member type (typedef) of class crow::black_magic::single_tag_to_type< 3 > is not documented.
/drone/src/include/crow/utility.h:309: warning: Member type (typedef) of class crow::black_magic::single_tag_to_type< 4 > is not documented.
/drone/src/include/crow/utility.h:315: warning: Member type (typedef) of class crow::black_magic::single_tag_to_type< 5 > is not documented.
nable...
Generating docs for compound crow::Router...
Generating docs for compound crow::routing_params...
Generating docs for compound crow::RuleParameterTraits...
Generating docs for compound crow::Server...
Generating docs for compound crow::SocketAdaptor...
Generating docs for compound crow::TaggedRule...
Generating docs for compound crow::Trie...
Generating docs for nested compound crow::Trie::Node...
Generating docs for compound crow::UTF8...
Generating docs for nested compound crow::UTF8::context...
Generating docs for compound crow::WebSocketRule...
Generating docs for compound crow::black_magic::arguments...
Generating docs for compound crow::black_magic::arguments< 0 >...
Generating docs for compound crow::black_magic::bool_pack...
Generating docs for compound crow::black_magic::CallHelper...
Generating docs for compound crow::black_magic::CallHelper< F, S< Args... > >...
Generating docs for compound crow::black_magic::compute_parameter_tag_from_args_list...
Generating docs for compound crow::black_magic::compute_parameter_tag_from_args_list< Arg, Args... >...
Generating docs for compound crow::black_magic::compute_parameter_tag_from_args_list<>...
Generating docs for compound crow::black_magic::concat...
Generating docs for compound crow::black_magic::concat< seq< I1... >, seq< I2... > >...
Generating docs for compound crow::black_magic::const_str...
Generating docs for compound crow::black_magic::contains...
Generating docs for compound crow::black_magic::contains< Tp >...
Generating docs for compound crow::black_magic::contains< Tp, Head, Rest... >...
Generating docs for compound crow::black_magic::empty_context...
Generating docs for compound crow::black_magic::gen_seq...
Generating docs for compound crow::black_magic::gen_seq< 0 >...
Generating docs for compound crow::black_magic::gen_seq< 1 >...
Generating docs for compound crow::black_magic::has_type...
Generating docs for compound crow::black_magic::has_type< T, std::tuple< T, Ts... > >...
Generating docs for compound crow::black_magic::has_type< T, std::tuple< U, Ts... > >...
Generating docs for compound crow::black_magic::has_type< T, std::tuple<> >...
Generating docs for compound crow::black_magic::is_callable...
Generating docs for compound crow::black_magic::last_element_type...
Generating docs for compound crow::black_magic::last_element_type<>...
Generating docs for compound crow::black_magic::OutOfRange...
Generating docs for compound crow::black_magic::parameter_tag...
Generating docs for compound crow::black_magic::pop_back...
Generating docs for compound crow::black_magic::pop_back<>...
Generating docs for compound crow::black_magic::pop_back_helper...
Generating docs for compound crow::black_magic::pop_back_helper< seq< N... >, Tuple >...
Generating docs for compound crow::black_magic::promote...
Generating docs for compound crow::black_magic::S...
Generating docs for compound crow::black_magic::seq...
Generating docs for compound crow::black_magic::single_tag_to_type...
Generating docs for compound crow::black_magic::single_tag_to_type< 1 >...
Generating docs for compound crow::black_magic::single_tag_to_type< 2 >...
Generating docs for compound crow::black_magic::single_tag_to_type< 3 >...
Generating docs for compound crow::black_magic::single_tag_to_type< 4 >...
Generating docs for compound crow::black_magic::single_tag_to_type< 5 >...
Generating docs for compound crow::detail::check_after_handle_arity_3...
Generating docs for nested compound crow::detail::check_after_handle_arity_3::get...
Generating docs for compound crow::detail::check_after_handle_arity_3_const...
Generating docs for nested compound crow::detail::check_after_handle_arity_3_const::get...
Generating docs for compound crow::detail::check_before_handle_arity_3...
Generating docs for nested compound crow::detail::check_before_handle_arity_3::get...
Generating docs for compound crow::detail::check_before_handle_arity_3_const...
Generating docs for nested compound crow::detail::check_before_handle_arity_3_const::get...
Generating docs for compound crow::detail::check_global_/drone/src/include/crow/middleware_context.h:57: warning: Member partial (typedef) of class crow::detail::context is not documented.
/drone/src/include/crow/middleware_context.h:51: warning: Member get() (function) of class crow::detail::context is not documented.
/drone/src/include/crow/middleware_context.h:42: warning: Member after_handlers_call_helper(Container &middlewares, Context &ctx, request &req, response &res) (friend) of class crow::detail::context is not documented.
/drone/src/include/crow/middleware_context.h:44: warning: Member after_handlers_call_helper(Container &middlewares, Context &ctx, request &req, response &res) (friend) of class crow::detail::context is not documented.
/drone/src/include/crow/middleware_context.h:48: warning: Member middleware_call_helper(Container &middlewares, request &req, response &res, Context &ctx) (friend) of class crow::detail::context is not documented.
/drone/src/include/crow/utility.h:459: warning: Member value (variable) of class crow::detail::get_index_of_element_from_tuple_by_type_impl is not documented.
/drone/src/include/crow/utility.h:465: warning: Member value (variable) of class crow::detail::get_index_of_element_from_tuple_by_type_impl< T, N, T, Args... > is not documented.
/drone/src/include/crow/utility.h:471: warning: Member value (variable) of class crow::detail::get_index_of_element_from_tuple_by_type_impl< T, N, U, Args... > is not documented.
/drone/src/include/crow/middleware.h:303: warning: Member check_app_contains (typedef) of class crow::detail::handler_call_bridge is not documented.
/drone/src/include/crow/middleware.h:312: warning: Member operator()(F &&f) const (function) of class crow::detail::handler_call_bridge is not documented.
/drone/src/include/crow/middleware.h:318: warning: Member tptr (variable) of class crow::detail::handler_call_bridge is not documented.
/drone/src/include/crow/middleware.h:267: warning: Member operator()(crow::request &req, crow::response &res, Args &&... args) const (function) of class crow::detail::handler_middleware_wrapper is not documented.
/drone/src/include/crow/middleware.h:296: warning: Member f (variable) of class crow::detail::handler_middleware_wrapper is not documented.
/drone/src/include/crow/middleware.h:263: warning: Member value (variable) of class crow::detail::handler_middleware_wrapper::middleware_call_criteria is not documented.
/drone/src/include/crow/middleware.h:83: warning: Member f(typename check_after_handle_arity_3_const< T >::template get< C > *) (function) of class crow::detail::is_after_handle_arity_3_impl is not documented.
/drone/src/include/crow/middleware.h:86: warning: Member f(typename check_after_handle_arity_3< T >::template get< C > *) (function) of class crow::detail::is_after_handle_arity_3_impl is not documented.
/drone/src/include/crow/middleware.h:89: warning: Member f(...) (function) of class crow::detail::is_after_handle_arity_3_impl is not documented.
/drone/src/include/crow/middleware.h:92: warning: Member value (variable) of class crow::detail::is_after_handle_arity_3_impl is not documented.
/drone/src/include/crow/middleware.h:67: warning: Member f(typename check_before_handle_arity_3_const< T >::template get< C > *) (function) of class crow::detail::is_before_handle_arity_3_impl is not documented.
/drone/src/include/crow/middleware.h:70: warning: Member f(typename check_before_handle_arity_3< T >::template get< C > *) (function) of class crow::detail::is_before_handle_arity_3_impl is not documented.
/drone/src/include/crow/middleware.h:73: warning: Member f(...) (function) of class crow::detail::is_before_handle_arity_3_impl is not documented.
/drone/src/include/crow/middleware.h:76: warning: Member value (variable) of class crow::detail::is_before_handle_arity_3_impl is not documented.
/drone/src/include/crow/middleware.h:195: warning: Member f(typename check_global_call_false< MW >::template get< C > *) (function) of class crow::detail::middleware_call_criteria_only_global is not documented.
/drone/src/include/crow/middleware.h:198: warning: Member f(...) (function) of class crow::detail::middleware_call_criteria_only_global is not documented.
/drone/src/include/crow/middleware.h:200: warning: Member value (variable) of class crow::detail::middleware_call_criteria_only_global is not documented.
/drone/src/include/crow/middleware_context.h:16: warning: Member parent_context (typedef) of class crow::detail::partial_context is not documented.
/drone/src/include/crow/middleware_context.h:18: warning: Member partial (typedef) of class crow::detail::partial_context is not documented.
/drone/src/include/crow/middleware_context.h:21: warning: Member get() (function) of class crow::detail::partial_context is not documented.
/drone/src/include/crow/middleware_context.h:33: warning: Member partial (typedef) of class crow::detail::partial_context<> is not documented.
/drone/src/include/crow/task_timer.h:20: warning: Member task_type (typedef) of class crow::detail::task_timer is not documented.
/drone/src/include/crow/task_timer.h:21: warning: Member identifier_type (typedef) of class crow::detail::task_timer is not documented.
/drone/src/include/crow/task_timer.h:28: warning: Member task_timer(boost::asio::io_service &io_service) (function) of class crow::detail::task_timer is not documented.
/drone/src/include/crow/task_timer.h:38: warning: Member cancel(identifier_type id) (function) of class crow::detail::task_timer is not documented.
/drone/src/include/crow/task_timer.h:70: warning: The following parameter of crow::detail::task_timer::schedule(const task_type &task, std::uint8_t timeout) is not documented:
  parameter 'task'
/drone/src/include/crow/routing.h:144: warning: Member operator()(F cparams) (function) of class crow::detail::routing_handler_call_helper::call< F, NInt, NUint, NDouble, NString, black_magic::S< double, Args1... >, black_magic::S< Args2... > > is not documented.
/drone/src/include/crow/routing.h:124: warning: Member operator()(F cparams) (function) of class crow::detail::routing_handler_call_helper::call< F, NInt, NUint, NDouble, NString, black_magic::S< int64_t, Args1... >, black_magic::S< Args2... > > is not documented.
/drone/src/include/crow/routing.h:154: warning: Member operator()(F cparams) (function) of class crow::detail::routing_handler_call_helper::call< F, NInt, NUint, NDouble, NString, black_magic::S< std::string, Args1... >, black_magic::S< Args2... > > is not documented.
/drone/src/include/crow/routing.h:134: warning: Member operator()(F cparams) (function) of class crow::detail::routing_handler_call_helper::call< F, NInt, NUint, NDouble, NString, black_magic::S< uint64_t, Args1... >, black_magic::S< Args2... > > is not documented.
/drone/src/include/crow/routing.h:164: warning: Member operator()(F cparams) (function) of class crow::detail::routing_handler_call_helper::call< F, NInt, NUint, NDouble, NString, black_magic::S<>, black_magic::S< Args1... > > is not documented.
/drone/src/include/crow/routing.h:104: warning: Member type (typedef) of class crow::detail::routing_handler_call_helper::call_pair is not documented.
/drone/src/include/crow/routing.h:105: warning: Member pos (variable) of class crow::detail::routing_handler_call_helper::call_pair is not documented.
/drone/src/include/crow/routing.h:111: warning: Member handler (variable) of class crow::detail::routing_handler_call_helper::call_params is not documented.
/drone/src/include/crow/routing.h:112: warning: Member params (variable) of class crow::detail::routing_handler_call_helper::call_params is not documented.
/drone/src/include/crow/routing.h:113: warning: Member req (variable) of class crow::detail::routing_handler_call_helper::call_params is not documented.
/drone/src/include/crow/routing.h:114: warning: Member res (variable) of class crow::detail::routing_handler_call_helper::call_params is not documented.
/drone/src/include/crow/routing.h:177: warning: Member set_(Func f, typename std::enable_if<!std::is_same< typename std::tuple_element< 0, std::tuple< Args..., void >>::type, const request & >::value, int >::type=0) (function) of class crow::detail::routing_handler_call_helper::Wrapped is not documented.
/drone/src/include/crow/routing.h:209: warning: Member set_(Func f, typename std::enable_if< std::is_same< typename std::tuple_element< 0, std::tuple< Args..., void >>::type, const request & >::value &&!std::is_same< typename std::tuple_element< 1, std::tuple< Args..., void, void >>::type, response & >::value, int >::type=0) (function) of class crow::detail::routing_handler_call_helper::Wrapped is not documented.
/drone/src/include/crow/routing.h:224: warning: Member set_(Func f, typename std::enable_if< std::is_same< typename std::tuple_element< 0, std::tuple< Args..., void >>::type, const request & >::value &&std::is_same< typename std::tuple_element< 1, std::tuple< Args..., void, void >>::type, response & >::value, int >::type=0) (function) of class crow::detail::routing_handler_call_helper::Wrapped is not documented.
/drone/src/include/crow/routing.h:255: warning: Member operator()(request &req, response &res, const routing_params &params) (function) of class crow::detail::routing_handler_call_helper::Wrapped is not documented.
/drone/src/include/crow/routing.h:253: warning: Member handler_ (variable) of class crow::detail::routing_handler_call_helper::Wrapped is not documented.
/drone/src/include/crow/routing.h:235: warning: Member type (typedef) of class crow::detail::routing_handler_call_helper::Wrapped::handler_type_helper is not documented.
/drone/src/include/crow/routing.h:236: warning: Member args_type (typedef) of class crow::detail::routing_handler_call_helper::Wrapped::handler_type_helper is not documented.
/drone/src/include/crow/routing.h:242: warning: Member type (typedef) of class crow::detail::routing_handler_call_helper::Wrapped::handler_type_helper< const request &, Args... > is not documented.
/drone/src/include/crow/routing.h:243: warning: Member args_type (typedef) of class crow::detail::routing_handler_call_helper::Wrapped::handler_type_helper< const request &, Args... > is not documented.
/drone/src/include/crow/routing.h:249: warning: Member type (typedef) of class crow::detail::routing_handler_call_helper::Wrapped::handler_type_helper< const request &, response &, Args... > is not documented.
/drone/src/include/crow/routing.h:250: warning: Member args_type (typedef) of class crow::detail::routing_handler_call_helper::Wrapped::handler_type_helper< const request &, response &, Args... > is not documented.
/drone/src/include/crow/routing.h:194: warning: Member req_handler_wrapper(Func f) (function) of class crow::detail::routing_handler_call_helper::Wrapped::req_handler_wrapper is not documented.
/drone/src/include/crow/routing.h:199: warning: Member operator()(const request &req, response &res, Args... args) (function) of class crow::detail::routing_handler_call_helper::Wrapped::req_handler_wrapper is not documented.
/drone/src/include/crow/routing.h:205: warning: Member f (variable) of class crow::detail::routing_handler_call_helper::Wrapped::req_handler_wrapper is not documented.
/drone/src/include/crow/json.h:229: warning: Member rvalue(type t) noexcept (function) of class crow::json::rvalue is not documented.
/drone/src/include/crow/json.h:233: warning: Member rvalue(type t, char *s, char *e) noexcept (function) of class crow::json::rvalue is not documented.
/drone/src/include/crow/json.h:239: warning: Member rvalue(const rvalue &r) (function) of class crow::json::rvalue is not documented.
/drone/src/include/crow/json.h:245: warning: Member rvalue(rvalue &&r) noexcept (function) of class crow::json::rvalue is not documented.
/drone/src/include/crow/json.h:250: warning: Member operator=(const rvalue &r) (function) of class crow::json::rvalue is not documented.
/drone/src/include/crow/json.h:261: warning: Member operator=(rvalue &&r) noexcept (function) of class crow::json::rvalue is not documented.
/drone/src/include/crow/json.h:275: warning: Member operator bool() const noexcept (function) of class crow::json::rvalue is not documented.
/drone/src/include/crow/json.h:280: warning: Member operator int64_t() const (function) of class crow::json::rvalue is not documented.
/drone/src/include/crow/json.h:285: warning: Member operator uint64_t() const (function) of class crow::json::rvalue is not documented.
/drone/src/include/crow/json.h:290: warning: Member operator int() const (function) of class crow::json::rvalue is not documented.
/drone/src/include/crow/json.h:492: warning: Member has(const std::string &str) const (function) of class crow::json::rvalue is not documented.
/drone/src/include/crow/json.h:518: warning: Member count(const std::string &str) (function) of class crow::json::rvalue is not documented.
/drone/src/include/crow/json.h:523: warning: Member begin() const (function) of class crow::json::rvalue is not documented.
/drone/src/include/crow/json.h:531: warning: Member end() const (function) of class crow::json::rvalue is not documented.
/drone/src/include/crow/json.h:540: warning: Member key() const (function) of class crow::json::rvalue is not documented.
/drone/src/include/crow/json.h:545: warning: Member size() const (function) of class crow::json::rvalue is not documented.
/drone/src/include/crow/json.h:556: warning: Member operator[](int index) const (function) of class crow::json::rvalue is not documented.
/drone/src/include/crow/json.h:567: warning: Member operator[](size_t index) const (function) of class crow::json::rvalue is not documented.
/drone/src/include/crow/json.h:578: warning: Member operator[](const char *str) const (function) of class crow::json::rvalue is not documented.
/drone/src/include/crow/json.h:583: warning: Member operator[](const std::string &str) const (function) of class crow::json::rvalue is not documented.
/drone/src/include/crow/json.h:620: warning: Member set_error() (function) of class crow::json::rvalue is not documented.
/drone/src/include/crow/json.h:625: warning: Member error() const (function) of class crow::json::rvalue is not documented.
/drone/src/include/crow/json.h:630: warning: Member keys() (function) of class crow::json::rvalue is not documented.
/drone/src/include/crow/json.h:1235: warning: Member object (typedef) of class crow::json::wvalue is not documented.
/drone/src/include/crow/json.h:1242: warning: Member list (typedef) of class crow::json::wvalue is not documented.
/drone/src/include/crow/json.h:1244: warning: Member t() const (function) of class crow::json::wvalue is not documented.
/drone/src/include/crow/json.h:1274: warning: Member wvalue(std::nullptr_t) (function) of class crow::json::wvalue is not documented.
/drone/src/include/crow/json.h:1277: warning: Member wvalue(bool value) (function) of class crow::json::wvalue is not documented.
/drone/src/include/crow/json.h:1280: warning: Member wvalue(std::uint8_t value) (function) of class crow::json::wvalue is not documented.
/drone/src/include/crow/json.h:1282: warning: Member wvalue(std::uint16_t value) (function) of class crow::json::wvalue is not documented.
/drone/src/include/crow/json.h:1284: warning: Member wvalue(std::uint32_t value) (function) of class crow::json::wvalue is not documented.
/drone/src/include/crow/json.h:1286: warning: Member wvalue(std::uint64_t value) (function) of class crow::json::wvalue is not documented.
/drone/src/include/crow/json.h:1289: warning: Member wvalue(std::int8_t value) (function) of class crow::json::wvalue is not documented.
/drone/src/include/crow/json.h:1291: warning: Member wvalue(std::int16_t value) (function) of class crow::json::wvalue is not documented.
/drone/src/include/crow/json.h:1293: warning: Member wvalue(std::int32_t value) (function) of class crow::json::wvalue is not documented.
/drone/src/include/crow/json.h:1295: warning: Member wvalue(std::int64_t value) (function) of class crow::json::wvalue is not documented.
/drone/src/include/crow/json.h:1298: warning: Member wvalue(float value) (function) of class crow::json::wvalue is not documented.
/drone/src/include/crow/json.h:1300: warning: Member wvalue(double value) (function) of class crow::json::wvalue is not documented.
/drone/src/include/crow/json.h:1303: warning: Member wvalue(char const *value) (function) of class crow::json::wvalue is not documented.
/drone/src/include/crow/json.h:1306: warning: Member wvalue(std::string const &value) (function) of class crow::json::wvalue is not documented.
/drone/src/include/crow/json.h:1308: warning: Member wvalue(std::string &&value) (function) of class crow::json::wvalue is not documented.
/drone/src/include/crow/json.h:1311: warning: Member wvalue(std::initializer_list< std::pair< std::string const, wvalue >> initializer_list) (function) of class crow::json::wvalue is not documented.
/drone/src/include/crow/json.h:1314: warning: Member wvalue(object const &value) (function) of class crow::json::wvalue is not documented.
/drone/src/include/crow/json.h:1316: warning: Member wvalue(object &&value) (function) of class crow::json::wvalue is not documented.
/drone/src/include/crow/json.h:1319: warning: Member wvalue(const list &r) (function) of class crow::json::wvalue is not documented.
/drone/src/include/crow/json.h:1328: warning: Member wvalue(list &r) (function) of class crow::json::wvalue is not documented.
/drone/src/include/crow/json.h:1376: warning: Member wvalue(const wvalue &r) (function) of class crow::json::wvalue is not documented.
/drone/src/include/crow/json.h:1413: warning: Member wvalue(wvalue &&r) (function) of class crow::json::wvalue is not documented.
/drone/src/include/crow/json.h:1419: warning: Member operator=(wvalue &&r) (function) of class crow::json::wvalue is not documented.
/drone/src/include/crow/json.h:1429: warning: unable to resolve reference to 'reset()' for \ref command
/drone/src/include/crow/json.h:1435: warning: Member reset() (function) of class crow::json::wvalue is not documented.
/drone/src/include/crow/json.h:1442: warning: Member operator=(std::nullptr_t) (function) of class crow::json::wvalue is not documented.
/drone/src/include/crow/json.h:1447: warning: Member operator=(bool value) (function) of class crow::json::wvalue is not documented.
/drone/src/include/crow/json.h:1457: warning: Member operator=(double value) (function) of class crow::json::wvalue is not documented.
/drone/src/include/crow/json.h:1466: warning: Member operator=(unsigned short value) (function) of class crow::json::wvalue is not documented.
/drone/src/include/crow/json.h:1475: warning: Member operator=(short value) (function) of class crow::json::wvalue is not documented.
/drone/src/include/crow/json.h:1484: warning: Member operator=(long long value) (function) of class crow::json::wvalue is not documented.
/drone/src/include/crow/json.h:1493: warning: Member operator=(long value) (function) of class crow::json::wvalue is not documented.
/drone/src/include/crow/json.h:1502: warning: Member operator=(int value) (function) of class crow::json::wvalue is not documented.
/drone/src/include/crow/json.h:1511: warning: Member operator=(unsigned long long value) (function) of class crow::json::wvalue is not documented.
/drone/src/include/crow/json.h:1520: warning: Member operator=(unsigned long value) (function) of class crow::json::wvalue is not documented.
/drone/src/include/crow/json.h:1529: warning: Member operator=(unsigned int value) (function) of class crow::json::wvalue is not documented.
/drone/src/include/crow/json.h:1538: warning: Member operator=(const char *str) (function) of class crow::json::wvalue is not documented.
/drone/src/include/crow/json.h:1546: warning: Member operator=(const std::string &str) (function) of class crow::json::wvalue is not documented.
/drone/src/include/crow/json.h:1554: warning: Member operator=(list &&v) (function) of class crow::json::wvalue is not documented.
/drone/src/include/crow/json.h:1572: warning: Member operator=(const std::vector< T > &v) (function) of class crow::json::wvalue is not documented.
/drone/src/include/crow/json.h:1589: warning: Member operator=(std::initializer_list< std::pair< std::string const, wvalue >> initializer_list) (function) of class crow::json::wvalue is not documented.
/drone/src/include/crow/json.h:1608: warning: Member operator=(object const &value) (function) of class crow::json::wvalue is not documented.
/drone/src/include/crow/json.h:1627: warning: Member operator=(object &&value) (function) of class crow::json::wvalue is not documented.
/drone/src/include/crow/json.h:1642: warning: Member operator=(std::function< std::string(std::string &)> &&func) (function) of class crow::json::wvalue is not documented.
/drone/src/include/crow/json.h:1650: warning: Member operator[](unsigned index) (function) of class crow::json::wvalue is not documented.
/drone/src/include/crow/json.h:1662: warning: Member count(const std::string &str) (function) of class crow::json::wvalue is not documented.
/drone/src/include/crow/json.h:1671: warning: Member operator[](const std::string &str) (function) of class crow::json::wvalue is not documented.
/drone/src/include/crow/json.h:1681: warning: Member keys() const (function) of class crow::json::wvalue is not documented.
/drone/src/include/crow/json.h:1693: warning: Member execute(std::string txt="") const (function) of class crow::json::wvalue is not documented.
/drone/src/include/crow/json.h:1887: warning: Member dump() const (function) of class crow::json::wvalue is not documented.
/drone/src/include/crow/returnable.h:13: warning: Member returnable(std::string ctype) (function) of class crow::returnable is not documented.
/drone/src/include/crow/returnable.h:10: warning: Member content_type (variable) of class crow::returnable is not documented.
/drone/src/include/crow/json.h:166: warning: Member iterator (typedef) of class crow::json::detail::r_string is not documented.
/drone/src/include/crow/json.h:167: warning: Member const_iterator (typedef) of class crow::json::detail::r_string is not documented.
/drone/src/include/crow/json.h:120: warning: Member r_string(char *s, char *e) (function) of class crow::json::detail::r_string is not documented.
/drone/src/include/crow/json.h:128: warning: Member r_string(const r_string &r) (function) of class crow::json::detail::r_string is not documented.
/drone/src/include/crow/json.h:133: warning: Member r_string(r_string &&r) (function) of class crow::json::detail::r_string is not documented.
/drone/src/include/crow/json.h:138: warning: Member operator=(r_string &&r) (function) of class crow::json::detail::r_string is not documented.
/drone/src/include/crow/json.h:148: warning: Member operator=(const r_string &r) (function) of class crow::json::detail::r_string is not documented.
/drone/src/include/crow/json.h:156: warning: Member operator std::string() const (function) of class crow::json::detail::r_string is not documented.
/drone/src/include/crow/json.h:162: warning: Member begin() const (function) of class crow::json::detail::r_string is not documented.
/drone/src/include/crow/json.h:163: warning: Member end() const (function) of class crow::json::detail::r_string is not documented.
/drone/src/include/crow/json.h:164: warning: Member size() const (function) of class crow::json::detail::r_string is not documented.
/drone/src/include/crow/json.h:171: warning: Member owned_ (variable) of class crow::json::detail::r_string is not documented.
/drone/src/include/crow/json.h:172: warning: Member operator<<(std::ostream &os, const r_string &s) (friend) of class crow::json::detail::r_string is not documented.
/drone/src/include/crow/multipart.h:15: warning: Member dd (variable) of namespace crow::multipart is not documented.
/drone/src/include/crow/multipart.h:42: warning: Member get_header_value(const std::string &key) const (function) of class crow::multipart::message is not documented.
/drone/src/include/crow/returnable.h:13: warning: Member returnable(std::string ctype) (function) of class crow::returnable is not documented.
/drone/src/include/crow/returnable.h:10: warning: Member content_type (variable) of class crow::returnable is not documented.
/drone/src/include/crow/mustache.h:49: warning: Member Action(ActionType t, size_t start, size_t end, size_t pos=0) (function) of class crow::mustache::Action is not documented.
/drone/src/include/crow/mustache.h:45: warning: Member start (variable) of class crow::mustache::Action is not documented.
/drone/src/include/crow/mustache.h:46: warning: Member end (variable) of class crow::mustache::Action is not documented.
/drone/src/include/crow/mustache.h:47: warning: Member pos (variable) of class crow::mustache::Action is not documented.
/drone/src/include/crow/mustache.h:48: warning: Member t (variable) of class crow::mustache::Action is not documented.
/drone/src/include/crow/mustache.h:22: warning: Member invalid_template_exception(const std::string &msg) (function) of class crow::mustache::invalid_template_exception is not documented.
/drone/src/include/crow/mustache.h:25: warning: Member what() const (function) of class crow::mustache::invalid_template_exception is not documented.
/drone/src/include/crow/mustache.h:29: warning: Member msg (variable) of class crow::mustache::invalid_template_exception is not documented.
/drone/src/include/crow/mustache.h:59: warning: Member template_t(std::string body) (function) of class crow::mustache::template_t is not documented.
/drone/src/include/crow/mustache.h:342: warning: Member render() const (function) of class crow::mustache::template_t is not documented.
/drone/src/include/crow/mustache.h:352: warning: Member render(context &ctx) const (function) of class crow::mustache::template_t is not documented.
/drone/src/include/crow/utility.h:491: warning: Member parent_t (typedef) of class crow::utility::function_traits is not documented.
/drone/src/include/crow/utility.h:493: warning: Member result_type (typedef) of class crow::utility::function_traits is not documented.
/drone/src/include/crow/utility.h:495: warning: Member arg (typedef) of class crow::utility::function_traits is not documented.
/drone/src/include/crow/utility.h:492: warning: Member arity (variable) of class crow::utility::function_traits is not documented.
/drone/src/include/crow/utility.h:504: warning: Member result_type (typedef) of class crow::utility::function_traits< R(ClassType::*)(Args...) const > is not documented.
/drone/src/include/crow/utility.h:507: warning: Member arg (typedef) of class crow::utility::function_traits< R(ClassType::*)(Args...) const > is not documented.
/drone/src/include/crow/utility.h:502: warning: Member arity (variable) of class crow::utility::function_traits< R(ClassType::*)(Args...) const > is not documented.
/drone/src/include/crow/utility.h:515: warning: Member result_type (typedef) of class crow::utility::function_traits< R(ClassType::*)(Args...)> is not documented.
/drone/src/include/crow/utility.h:518: warning: Member arg (typedef) of class crow::utility::function_traits< R(ClassType::*)(Args...)> is not documented.
/drone/src/include/crow/utility.h:513: warning: Member arity (variable) of class crow::utility::function_traits< R(ClassType::*)(Args...)> is not documented.
/drone/src/include/crow/utility.h:526: warning: Member result_type (typedef) of class crow::utility::function_traits< std::function< R(Args...)> > is not documented.
/drone/src/include/crow/utility.h:529: warning: Member arg (typedef) of class crow::utility::function_traits< std::function< R(Args...)> > is not documented.
/drone/src/include/crow/utility.h:524: warning: Member arity (variable) of class crow::utility::function_traits< std::function< R(Args...)> > is not documented.
/drone/src/include/crow/websocket.h:24: warning: Member send_binary(const std::string &msg)=0 (function) of class crow::websocket::connection is not documented.
/drone/src/include/crow/websocket.h:25: warning: Member send_text(const std::string &msg)=0 (function) of class crow::websocket::connection is not documented.
/drone/src/include/crow/websocket.h:26: warning: Member send_ping(const std::string &msg)=0 (function) of class crow::websocket::connection is not documented.
/drone/src/include/crow/websocket.h:27: warning: Member send_pong(const std::string &msg)=0 (function) of class crow::websocket::connection is not documented.
/drone/src/include/crow/websocket.h:28: warning: Member close(const std::string &msg="quit")=0 (function) of class crow::websocket::connection is not documented.
/drone/src/include/crow/websocket.h:29: warning: Member get_remote_ip()=0 (function) of class crow::websocket::connection is not documented.
/drone/src/include/crow/websocket.h:32: warning: Member userdata(void *u) (function) of class crow::websocket::connection is not documented.
/drone/src/include/crow/websocket.h:33: warning: Member userdata() (function) of class crow::websocket::connection is not documented.
/drone/src/include/crow/websocket.h:193: warning: Member get_remote_ip() override (function) of class crow::websocket::Connection is not documented.
/drone/src/include/crow/websocket.h:32: warning: Member userdata(void *u) (function) of class crow::websocket::connection is not documented.
/drone/src/include/crow/websocket.h:33: warning: Member userdata() (function) of class crow::websocket::connection is not documented.
call_false...
Generating docs for nested compound crow::detail::check_global_call_false::get...
Generating docs for compound crow::detail::context...
Generating docs for compound crow::detail::get_index_of_element_from_tuple_by_type_impl...
Generating docs for compound crow::detail::get_index_of_element_from_tuple_by_type_impl< T, N, T, Args... >...
Generating docs for compound crow::detail::get_index_of_element_from_tuple_by_type_impl< T, N, U, Args... >...
Generating docs for compound crow::detail::handler_call_bridge...
Generating docs for compound crow::detail::handler_middleware_wrapper...
Generating docs for nested compound crow::detail::handler_middleware_wrapper::middleware_call_criteria...
Generating docs for compound crow::detail::is_after_handle_arity_3_impl...
Generating docs for compound crow::detail::is_before_handle_arity_3_impl...
Generating docs for compound crow::detail::middleware_call_criteria_only_global...
Generating docs for compound crow::detail::partial_context...
Generating docs for compound crow::detail::partial_context<>...
Generating docs for compound crow::detail::task_timer...
Generating docs for compound crow::detail::routing_handler_call_helper::call...
Generating docs for compound crow::detail::routing_handler_call_helper::call< F, NInt, NUint, NDouble, NString, black_magic::S< double, Args1... >, black_magic::S< Args2... > >...
Generating docs for compound crow::detail::routing_handler_call_helper::call< F, NInt, NUint, NDouble, NString, black_magic::S< int64_t, Args1... >, black_magic::S< Args2... > >...
Generating docs for compound crow::detail::routing_handler_call_helper::call< F, NInt, NUint, NDouble, NString, black_magic::S< std::string, Args1... >, black_magic::S< Args2... > >...
Generating docs for compound crow::detail::routing_handler_call_helper::call< F, NInt, NUint, NDouble, NString, black_magic::S< uint64_t, Args1... >, black_magic::S< Args2... > >...
Generating docs for compound crow::detail::routing_handler_call_helper::call< F, NInt, NUint, NDouble, NString, black_magic::S<>, black_magic::S< Args1... > >...
Generating docs for compound crow::detail::routing_handler_call_helper::call_pair...
Generating docs for compound crow::detail::routing_handler_call_helper::call_params...
Generating docs for compound crow::detail::routing_handler_call_helper::Wrapped...
Generating docs for nested compound crow::detail::routing_handler_call_helper::Wrapped::handler_type_helper...
Generating docs for nested compound crow::detail::routing_handler_call_helper::Wrapped::handler_type_helper< const request &, Args... >...
Generating docs for nested compound crow::detail::routing_handler_call_helper::Wrapped::handler_type_helper< const request &, response &, Args... >...
Generating docs for nested compound crow::detail::routing_handler_call_helper::Wrapped::req_handler_wrapper...
Generating docs for compound crow::json::rvalue...
Generating docs for compound crow::json::wvalue...
Generating docs for compound crow::json::detail::r_string...
Generating docs for namespace crow::multipart
Generating docs for compound crow::multipart::header...
Generating docs for compound crow::multipart::message...
Generating docs for compound crow::multipart::part...
Generating docs for compound crow::mustache::Action...
Generating docs for compound crow::mustache::invalid_template_exception...
Generating docs for compound crow::mustache::template_t...
Generating docs for compound crow::utility::function_traits...
Generating docs for compound crow::utility::function_traits< R(ClassType::*)(Args...) const >...
Generating docs for compound crow::utility::function_traits< R(ClassType::*)(Args...)>...
Generating docs for compound crow::utility::function_traits< std::function< R(Args...)> >...
Generating docs for compound crow::websocket::connection...
Generating docs for compound crow::websocket::Connection...
Generating graph info page...
Generating directory documentation...
Generating index page...
Generating page index...
Generating module index...
Generating namespace member index...
Generating annotated compound index...
Generating alphabetical compound index...
Generating hierarchical class index...
Generating member index...
Generating file index...
Generating file member index...
Generating example index...
finalizing index lists...
writing tag file...
Running plantuml with JAVA...
lookup cache used 2833/65536 hits=24173 misses=3167
finished...
